2025-04-04 07:44:14.533766 - Received SBGOLOB.CBT509.FILE313 from FILE313.XMI 
2025-04-04 07:44:14.535609 - Found $$$#DATE.txt (text/plain) in SBGOLOB.CBT509.FILE313, moved to PDS/$$$#DATE
2025-04-04 07:44:14.535750 - Found $DOC.txt (text/plain) in SBGOLOB.CBT509.FILE313, moved to PDS/$DOC
2025-04-04 07:44:14.535883 - Found $SOFTPUB.txt (text/plain) in SBGOLOB.CBT509.FILE313, moved to PDS/$SOFTPUB
2025-04-04 07:44:14.536012 - Found @FILE313.txt (text/plain) in SBGOLOB.CBT509.FILE313, moved to PDS/@FILE313
2025-04-04 07:44:14.536197 - Found SAVELAB.xmi (application/xmit) in SBGOLOB.CBT509.FILE313, moved to PDS/SAVELAB.xmi
2025-04-04 07:44:14.599119 - Received LBDYCK.SAVELAB.PDS from SAVELAB.xmi 
2025-04-04 07:44:14.599755 - Found $README.txt (text/plain) in LBDYCK.SAVELAB.PDS, moved to SAVELAB/$README
2025-04-04 07:44:14.599891 - Found $README2.txt (text/plain) in LBDYCK.SAVELAB.PDS, moved to SAVELAB/$README2
2025-04-04 07:44:14.600011 - Found $RECV.rexx (text/plain) in LBDYCK.SAVELAB.PDS, moved to SAVELAB/$RECV
2025-04-04 07:44:14.600132 - Found $WHY.txt (text/plain) in LBDYCK.SAVELAB.PDS, moved to SAVELAB/$WHY
2025-04-04 07:44:14.600249 - Found @MSG.txt (text/plain) in LBDYCK.SAVELAB.PDS, moved to SAVELAB/@MSG
2025-04-04 07:44:14.600391 - Found EXEC.xmi (application/xmit) in LBDYCK.SAVELAB.PDS, moved to SAVELAB/EXEC.xmi
2025-04-04 07:44:14.697902 - Received LBDYCK.SAVELAB.EXEC from EXEC.xmi 
2025-04-04 07:44:14.698517 - Found COBLAB.rexx (text/plain) in LBDYCK.SAVELAB.EXEC, moved to SAVELAB/EXEC/COBLAB
2025-04-04 07:44:14.698686 - Found REXXLAB.rexx (text/plain) in LBDYCK.SAVELAB.EXEC, moved to SAVELAB/EXEC/REXXLAB
2025-04-04 07:44:14.698839 - Found SAVELAB.rexx (text/plain) in LBDYCK.SAVELAB.EXEC, moved to SAVELAB/EXEC/SAVELAB
2025-04-04 07:44:14.698976 - Found SAVELABC.rexx (text/plain) in LBDYCK.SAVELAB.EXEC, moved to SAVELAB/EXEC/SAVELABC
2025-04-04 07:44:14.699097 - Found SAVELABE.rexx (text/plain) in LBDYCK.SAVELAB.EXEC, moved to SAVELAB/EXEC/SAVELABE
2025-04-04 07:44:14.699216 - Found SAVELABF.rexx (text/plain) in LBDYCK.SAVELAB.EXEC, moved to SAVELAB/EXEC/SAVELABF
2025-04-04 07:44:14.699349 - Found SAVELABS.rexx (text/plain) in LBDYCK.SAVELAB.EXEC, moved to SAVELAB/EXEC/SAVELABS
2025-04-04 07:44:14.699833 - Found EXPORT.xmi (application/xmit) in LBDYCK.SAVELAB.PDS, moved to SAVELAB/EXPORT.xmi
2025-04-04 07:44:14.722618 - Received LBDYCK.SAVELAB.EXPORT from EXPORT.xmi 
2025-04-04 07:44:14.723073 - Found COBLAB.txt (text/plain) in LBDYCK.SAVELAB.EXPORT, moved to SAVELAB/EXPORT/COBLAB
2025-04-04 07:44:14.723211 - Found REXXLAB.txt (text/plain) in LBDYCK.SAVELAB.EXPORT, moved to SAVELAB/EXPORT/REXXLAB
2025-04-04 07:44:14.723344 - Found SAVELAB.txt (text/plain) in LBDYCK.SAVELAB.EXPORT, moved to SAVELAB/EXPORT/SAVELAB
2025-04-04 07:44:14.723694 - Found PANELS.xmi (application/xmit) in LBDYCK.SAVELAB.PDS, moved to SAVELAB/PANELS.xmi
2025-04-04 07:44:14.795805 - Received LBDYCK.SAVELAB.PANELS from PANELS.xmi 
2025-04-04 07:44:14.796436 - Found #SAVELAB.txt (text/plain) in LBDYCK.SAVELAB.PANELS, moved to SAVELAB/PANELS/#SAVELAB
2025-04-04 07:44:14.796587 - Found SAVELAB.txt (text/plain) in LBDYCK.SAVELAB.PANELS, moved to SAVELAB/PANELS/SAVELAB
2025-04-04 07:44:14.796711 - Found SAVELABD.txt (text/plain) in LBDYCK.SAVELAB.PANELS, moved to SAVELAB/PANELS/SAVELABD
2025-04-04 07:44:14.796835 - Found SAVELABP.txt (text/plain) in LBDYCK.SAVELAB.PANELS, moved to SAVELAB/PANELS/SAVELABP
2025-04-04 07:44:14.796952 - Found SAVELABQ.txt (text/plain) in LBDYCK.SAVELAB.PANELS, moved to SAVELAB/PANELS/SAVELABQ
2025-04-04 07:44:14.797271 - Found SAVELABR.txt (text/plain) in LBDYCK.SAVELAB.PANELS, moved to SAVELAB/PANELS/SAVELABR
2025-04-04 07:44:14.797436 - Found SAVELABT.txt (text/plain) in LBDYCK.SAVELAB.PANELS, moved to SAVELAB/PANELS/SAVELABT
2025-04-04 07:44:14.797567 - Found SAVELABX.txt (text/plain) in LBDYCK.SAVELAB.PANELS, moved to SAVELAB/PANELS/SAVELABX
2025-04-04 07:44:14.798345 - Found SDSFEXT.xmi (application/xmit) in SBGOLOB.CBT509.FILE313, moved to PDS/SDSFEXT.xmi
2025-04-04 07:44:14.837869 - Received LBDYCK.SDSFXDD.PDS from SDSFEXT.xmi 
2025-04-04 07:44:14.838344 - Found INSTALL.txt (text/plain) in LBDYCK.SDSFXDD.PDS, moved to SDSFEXT/INSTALL
2025-04-04 07:44:14.838485 - Found NOTES.txt (text/plain) in LBDYCK.SDSFXDD.PDS, moved to SDSFEXT/NOTES
2025-04-04 07:44:14.838620 - Found SDSFXDD.rexx (text/plain) in LBDYCK.SDSFXDD.PDS, moved to SDSFEXT/SDSFXDD
2025-04-04 07:44:14.839053 - Found SDSFEXT#.pdf (application/pdf) in SBGOLOB.CBT509.FILE313, moved to docs/SDSFEXT#.pdf
2025-04-04 07:44:14.839191 - Found SDSFEXT@.doc (application/msword) in SBGOLOB.CBT509.FILE313, moved to docs/SDSFEXT@.doc
2025-04-04 07:44:14.839326 - Found SDSFEXTC.txt (text/plain) in SBGOLOB.CBT509.FILE313, moved to PDS/SDSFEXTC
2025-04-04 07:44:14.839436 - Found SDSFPA$$.txt (text/plain) in SBGOLOB.CBT509.FILE313, moved to PDS/SDSFPA$$
2025-04-04 07:44:14.839545 - Found SDSFPAG$.txt (text/plain) in SBGOLOB.CBT509.FILE313, moved to PDS/SDSFPAG$
2025-04-04 07:44:14.839755 - Found SDSFPAG#.pdf (application/pdf) in SBGOLOB.CBT509.FILE313, moved to docs/SDSFPAG#.pdf
2025-04-04 07:44:14.839980 - Found SDSFPAG@.doc (application/msword) in SBGOLOB.CBT509.FILE313, moved to docs/SDSFPAG@.doc
2025-04-04 07:44:14.840112 - Found SDSFPAGE.xmi (application/xmit) in SBGOLOB.CBT509.FILE313, moved to PDS/SDSFPAGE.xmi
2025-04-04 07:44:14.869155 - Received SYSLBD.SDSFPAGE.PDS from SDSFPAGE.xmi 
2025-04-04 07:44:14.869600 - Found $DOC.txt (text/plain) in SYSLBD.SDSFPAGE.PDS, moved to SDSFPAGE/$DOC
2025-04-04 07:44:14.869729 - Found $RECEIVE.rexx (text/plain) in SYSLBD.SDSFPAGE.PDS, moved to SDSFPAGE/$RECEIVE
2025-04-04 07:44:14.869859 - Found EXEC.xmi (application/xmit) in SYSLBD.SDSFPAGE.PDS, moved to SDSFPAGE/EXEC.xmi
2025-04-04 07:44:14.900770 - Received SYSLBD.SDSFPAGE.EXEC from EXEC.xmi 
2025-04-04 07:44:14.901215 - Found EDITPAGE.rexx (text/plain) in SYSLBD.SDSFPAGE.EXEC, moved to SDSFPAGE/EXEC/EDITPAGE
2025-04-04 07:44:14.901359 - Found SDSFPAGE.rexx (text/plain) in SYSLBD.SDSFPAGE.EXEC, moved to SDSFPAGE/EXEC/SDSFPAGE
2025-04-04 07:44:14.901758 - Found PANELS.xmi (application/xmit) in SYSLBD.SDSFPAGE.PDS, moved to SDSFPAGE/PANELS.xmi
2025-04-04 07:44:14.952000 - Received SYSLBD.SDSFPAGE.PANELS from PANELS.xmi 
2025-04-04 07:44:14.952551 - Found SDSFPAGD.txt (text/plain) in SYSLBD.SDSFPAGE.PANELS, moved to SDSFPAGE/PANELS/SDSFPAGD
2025-04-04 07:44:14.952682 - Found SDSFPAGE.txt (text/plain) in SYSLBD.SDSFPAGE.PANELS, moved to SDSFPAGE/PANELS/SDSFPAGE
2025-04-04 07:44:14.952801 - Found SDSFPAGS.txt (text/plain) in SYSLBD.SDSFPAGE.PANELS, moved to SDSFPAGE/PANELS/SDSFPAGS
2025-04-04 07:44:14.952921 - Found SDSFPPOP.txt (text/plain) in SYSLBD.SDSFPAGE.PANELS, moved to SDSFPAGE/PANELS/SDSFPPOP
2025-04-04 07:44:14.953032 - Found SDSFPXFH.txt (text/plain) in SYSLBD.SDSFPAGE.PANELS, moved to SDSFPAGE/PANELS/SDSFPXFH
2025-04-04 07:44:14.953140 - Found SDSFPXFR.txt (text/plain) in SYSLBD.SDSFPAGE.PANELS, moved to SDSFPAGE/PANELS/SDSFPXFR
2025-04-04 07:44:14.953755 - Found SDSFP119.xmi (application/xmit) in SBGOLOB.CBT509.FILE313, moved to PDS/SDSFP119.xmi
2025-04-04 07:44:14.977788 - Received SYSLBD.SDSFPAGE.PDS from SDSFP119.xmi 
2025-04-04 07:44:14.978243 - Found $DOC.txt (text/plain) in SYSLBD.SDSFPAGE.PDS, moved to SDSFP119/$DOC
2025-04-04 07:44:14.978368 - Found $RECEIVE.rexx (text/plain) in SYSLBD.SDSFPAGE.PDS, moved to SDSFP119/$RECEIVE
2025-04-04 07:44:14.978496 - Found EXEC.xmi (application/xmit) in SYSLBD.SDSFPAGE.PDS, moved to SDSFP119/EXEC.xmi
2025-04-04 07:44:15.007871 - Received SYSLBD.SDSFPAGE.EXEC from EXEC.xmi 
2025-04-04 07:44:15.008484 - Found EDITPAGE.rexx (text/plain) in SYSLBD.SDSFPAGE.EXEC, moved to SDSFP119/EXEC/EDITPAGE
2025-04-04 07:44:15.008620 - Found SDSFPAGE.rexx (text/plain) in SYSLBD.SDSFPAGE.EXEC, moved to SDSFP119/EXEC/SDSFPAGE
2025-04-04 07:44:15.008986 - Found PANELS.xmi (application/xmit) in SYSLBD.SDSFPAGE.PDS, moved to SDSFP119/PANELS.xmi
2025-04-04 07:44:15.043970 - Received SYSLBD.SDSFPAGE.PANELS from PANELS.xmi 
2025-04-04 07:44:15.044464 - Found SDSFPAGD.txt (text/plain) in SYSLBD.SDSFPAGE.PANELS, moved to SDSFP119/PANELS/SDSFPAGD
2025-04-04 07:44:15.044597 - Found SDSFPAGE.txt (text/plain) in SYSLBD.SDSFPAGE.PANELS, moved to SDSFP119/PANELS/SDSFPAGE
2025-04-04 07:44:15.044721 - Found SDSFPAGS.txt (text/plain) in SYSLBD.SDSFPAGE.PANELS, moved to SDSFP119/PANELS/SDSFPAGS
2025-04-04 07:44:15.044855 - Found SDSFPPOP.txt (text/plain) in SYSLBD.SDSFPAGE.PANELS, moved to SDSFP119/PANELS/SDSFPPOP
2025-04-04 07:44:15.045442 - Found SDSFP19#.pdf (application/pdf) in SBGOLOB.CBT509.FILE313, moved to docs/SDSFP19#.pdf
2025-04-04 07:44:15.045577 - Found SDSFXDD.xmi (application/xmit) in SBGOLOB.CBT509.FILE313, moved to PDS/SDSFXDD.xmi
2025-04-04 07:44:15.084908 - Received LBDYCK.SDSFXDD.PDS from SDSFXDD.xmi 
2025-04-04 07:44:15.085383 - Found INSTALL.txt (text/plain) in LBDYCK.SDSFXDD.PDS, moved to SDSFXDD/INSTALL
2025-04-04 07:44:15.085520 - Found NOTES.txt (text/plain) in LBDYCK.SDSFXDD.PDS, moved to SDSFXDD/NOTES
2025-04-04 07:44:15.085649 - Found SDSFXDD.rexx (text/plain) in LBDYCK.SDSFXDD.PDS, moved to SDSFXDD/SDSFXDD
2025-04-04 07:44:15.086052 - Found SETCLIP.xmi (application/xmit) in SBGOLOB.CBT509.FILE313, moved to PDS/SETCLIP.xmi
2025-04-04 07:44:15.206240 - Received SLBD.SETCLIP.PDS from SETCLIP.xmi 
2025-04-04 07:44:15.206956 - Found $DOC.txt (text/plain) in SLBD.SETCLIP.PDS, moved to SETCLIP/$DOC
2025-04-04 07:44:15.207106 - Found $USERDOC.txt (text/plain) in SLBD.SETCLIP.PDS, moved to SETCLIP/$USERDOC
2025-04-04 07:44:15.207241 - Found LICENSE.txt (text/plain) in SLBD.SETCLIP.PDS, moved to SETCLIP/LICENSE
2025-04-04 07:44:15.207365 - Found SETCLIP.rexx (text/plain) in SLBD.SETCLIP.PDS, moved to SETCLIP/SETCLIP
2025-04-04 07:44:15.207480 - Found SETCLIPH.txt (text/plain) in SLBD.SETCLIP.PDS, moved to SETCLIP/SETCLIPH
2025-04-04 07:44:15.207591 - Found SETCLIPM.rexx (text/plain) in SLBD.SETCLIP.PDS, moved to SETCLIP/SETCLIPM
2025-04-04 07:44:15.207713 - Found SETCLIPP.txt (text/plain) in SLBD.SETCLIP.PDS, moved to SETCLIP/SETCLIPP
2025-04-04 07:44:15.207832 - Found SETCLIPX.rexx (text/plain) in SLBD.SETCLIP.PDS, moved to SETCLIP/SETCLIPX
2025-04-04 07:44:15.207944 - Found SETZSTRT.rexx (text/plain) in SLBD.SETCLIP.PDS, moved to SETCLIP/SETZSTRT
2025-04-04 07:44:15.208060 - Found SUPPORT.txt (text/plain) in SLBD.SETCLIP.PDS, moved to SETCLIP/SUPPORT
2025-04-04 07:44:15.208763 - Found SETCLIP#.pdf (application/pdf) in SBGOLOB.CBT509.FILE313, moved to docs/SETCLIP#.pdf
2025-04-04 07:44:15.208943 - Found SETCLIP@.docx (application/vnd.openxmlformats-officedocument.wordprocessingml.document) in SBGOLOB.CBT509.FILE313, moved to docs/SETCLIP@.docx
2025-04-04 07:44:15.209138 - Found SETCLIPP.pptx (application/vnd.openxmlformats-officedocument.presentationml.presentation) in SBGOLOB.CBT509.FILE313, moved to docs/SETCLIPP.pptx
2025-04-04 07:44:15.209308 - Found SHAREVAR.xmi (application/xmit) in SBGOLOB.CBT509.FILE313, moved to PDS/SHAREVAR.xmi
2025-04-04 07:44:15.261876 - Received SLBD.SHAREVAR.PDS from SHAREVAR.xmi 
2025-04-04 07:44:15.262468 - Found $README.txt (text/plain) in SLBD.SHAREVAR.PDS, moved to SHAREVAR/$README
2025-04-04 07:44:15.262623 - Found SHAREVAR.rexx (text/plain) in SLBD.SHAREVAR.PDS, moved to SHAREVAR/SHAREVAR
2025-04-04 07:44:15.262753 - Found TVX.rexx (text/plain) in SLBD.SHAREVAR.PDS, moved to SHAREVAR/TVX
2025-04-04 07:44:15.262890 - Found TVX0.rexx (text/plain) in SLBD.SHAREVAR.PDS, moved to SHAREVAR/TVX0
2025-04-04 07:44:15.263011 - Found TVX1.rexx (text/plain) in SLBD.SHAREVAR.PDS, moved to SHAREVAR/TVX1
2025-04-04 07:44:15.263545 - Found SLM.xmi (application/xmit) in SBGOLOB.CBT509.FILE313, moved to PDS/SLM.xmi
2025-04-04 07:44:15.342961 - Received SYSLBD.SLM.PDS from SLM.xmi 
2025-04-04 07:44:15.343534 - Found $DOC.txt (text/plain) in SYSLBD.SLM.PDS, moved to SLM/$DOC
2025-04-04 07:44:15.343671 - Found $RECEIVE.rexx (text/plain) in SYSLBD.SLM.PDS, moved to SLM/$RECEIVE
2025-04-04 07:44:15.343813 - Found ASM.xmi (application/xmit) in SYSLBD.SLM.PDS, moved to SLM/ASM.xmi
2025-04-04 07:44:15.393344 - Received SYSLBD.SLM.ASM from ASM.xmi 
2025-04-04 07:44:15.393854 - Found $$DOC.txt (text/plain) in SYSLBD.SLM.ASM, moved to SLM/ASM/$$DOC
2025-04-04 07:44:15.393994 - Found ASMPARM.jcl (text/plain) in SYSLBD.SLM.ASM, moved to SLM/ASM/ASMPARM
2025-04-04 07:44:15.394137 - Found SLMDDQ.txt (text/plain) in SYSLBD.SLM.ASM, moved to SLM/ASM/SLMDDQ
2025-04-04 07:44:15.394272 - Found SLMREXXF.txt (text/plain) in SYSLBD.SLM.ASM, moved to SLM/ASM/SLMREXXF
2025-04-04 07:44:15.394656 - Found CHANGES.txt (text/plain) in SYSLBD.SLM.PDS, moved to SLM/CHANGES
2025-04-04 07:44:15.394839 - Found EXEC.xmi (application/xmit) in SYSLBD.SLM.PDS, moved to SLM/EXEC.xmi
2025-04-04 07:44:15.491455 - Received SYSLBD.SLM.EXEC from EXEC.xmi 
2025-04-04 07:44:15.492000 - Found SLM.rexx (text/plain) in SYSLBD.SLM.EXEC, moved to SLM/EXEC/SLM
2025-04-04 07:44:15.492142 - Found SLMCUST.rexx (text/plain) in SYSLBD.SLM.EXEC, moved to SLM/EXEC/SLMCUST
2025-04-04 07:44:15.492272 - Found SLMJ2PRC.rexx (text/plain) in SYSLBD.SLM.EXEC, moved to SLM/EXEC/SLMJ2PRC
2025-04-04 07:44:15.492400 - Found SLMRPT.rexx (text/plain) in SYSLBD.SLM.EXEC, moved to SLM/EXEC/SLMRPT
2025-04-04 07:44:15.492525 - Found TESTSLM.rexx (text/plain) in SYSLBD.SLM.EXEC, moved to SLM/EXEC/TESTSLM
2025-04-04 07:44:15.492960 - Found LICENSE.txt (text/plain) in SYSLBD.SLM.PDS, moved to SLM/LICENSE
2025-04-04 07:44:15.493091 - Found LOAD.xmi (application/xmit) in SYSLBD.SLM.PDS, moved to SLM/LOAD.xmi
2025-04-04 07:44:15.498322 - Received SYSLBD.SLM.LOAD from LOAD.xmi 
2025-04-04 07:44:15.498668 - Found SLMDDQ.bin (application/octet-stream) in SYSLBD.SLM.LOAD, moved to SLM/LOAD/SLMDDQ
2025-04-04 07:44:15.498798 - Found SLMREXXF.bin (application/octet-stream) in SYSLBD.SLM.LOAD, moved to SLM/LOAD/SLMREXXF
2025-04-04 07:44:15.499105 - Found MSGS.xmi (application/xmit) in SYSLBD.SLM.PDS, moved to SLM/MSGS.xmi
2025-04-04 07:44:15.523206 - Received SYSLBD.SLM.MSGS from MSGS.xmi 
2025-04-04 07:44:15.523670 - Found SLMSG00.txt (text/plain) in SYSLBD.SLM.MSGS, moved to SLM/MSGS/SLMSG00
2025-04-04 07:44:15.523822 - Found SLMSG01.txt (text/plain) in SYSLBD.SLM.MSGS, moved to SLM/MSGS/SLMSG01
2025-04-04 07:44:15.523964 - Found SLMSG02.txt (text/plain) in SYSLBD.SLM.MSGS, moved to SLM/MSGS/SLMSG02
2025-04-04 07:44:15.524381 - Found PANELS.xmi (application/xmit) in SYSLBD.SLM.PDS, moved to SLM/PANELS.xmi
2025-04-04 07:44:15.631677 - Received SYSLBD.SLM.PANELS from PANELS.xmi 
2025-04-04 07:44:15.632392 - Found SLMCP.txt (text/plain) in SYSLBD.SLM.PANELS, moved to SLM/PANELS/SLMCP
2025-04-04 07:44:15.632527 - Found SLMDM.txt (text/plain) in SYSLBD.SLM.PANELS, moved to SLM/PANELS/SLMDM
2025-04-04 07:44:15.632654 - Found SLMH1.txt (text/plain) in SYSLBD.SLM.PANELS, moved to SLM/PANELS/SLMH1
2025-04-04 07:44:15.632775 - Found SLMH2.txt (text/plain) in SYSLBD.SLM.PANELS, moved to SLM/PANELS/SLMH2
2025-04-04 07:44:15.632893 - Found SLMLIB.txt (text/plain) in SYSLBD.SLM.PANELS, moved to SLM/PANELS/SLMLIB
2025-04-04 07:44:15.633006 - Found SLMLOCAL.txt (text/plain) in SYSLBD.SLM.PANELS, moved to SLM/PANELS/SLMLOCAL
2025-04-04 07:44:15.633123 - Found SLMPOP.txt (text/plain) in SYSLBD.SLM.PANELS, moved to SLM/PANELS/SLMPOP
2025-04-04 07:44:15.633239 - Found SLMRN.txt (text/plain) in SYSLBD.SLM.PANELS, moved to SLM/PANELS/SLMRN
2025-04-04 07:44:15.633351 - Found SLMTBL.txt (text/plain) in SYSLBD.SLM.PANELS, moved to SLM/PANELS/SLMTBL
2025-04-04 07:44:15.633468 - Found SLMTP.txt (text/plain) in SYSLBD.SLM.PANELS, moved to SLM/PANELS/SLMTP
2025-04-04 07:44:15.633586 - Found SLM1.txt (text/plain) in SYSLBD.SLM.PANELS, moved to SLM/PANELS/SLM1
2025-04-04 07:44:15.635106 - Found SLM$.txt (text/plain) in SBGOLOB.CBT509.FILE313, moved to PDS/SLM$
2025-04-04 07:44:15.635378 - Found SLM#.pdf (application/pdf) in SBGOLOB.CBT509.FILE313, moved to docs/SLM#.pdf
2025-04-04 07:44:15.635548 - Found SLM@.doc (application/msword) in SBGOLOB.CBT509.FILE313, moved to docs/SLM@.doc
2025-04-04 07:44:15.635665 - Found SLMCHANG.txt (text/plain) in SBGOLOB.CBT509.FILE313, moved to PDS/SLMCHANG
2025-04-04 07:44:15.636779 - Found SOFTPUB.xmi (application/xmit) in SBGOLOB.CBT509.FILE313, moved to PDS/SOFTPUB.xmi
2025-04-04 07:44:15.891097 - Received SYSLBD.SOFTPUB.PDS from SOFTPUB.xmi 
2025-04-04 07:44:15.891657 - Found $DOC.txt (text/plain) in SYSLBD.SOFTPUB.PDS, moved to SOFTPUB/$DOC
2025-04-04 07:44:15.891789 - Found $RECEIVE.rexx (text/plain) in SYSLBD.SOFTPUB.PDS, moved to SOFTPUB/$RECEIVE
2025-04-04 07:44:15.892174 - Found DOC.xmi (application/xmit) in SYSLBD.SOFTPUB.PDS, moved to SOFTPUB/DOC.xmi
2025-04-04 07:44:15.937175 - Received SYSLBD.SOFTPUB.DOC from DOC.xmi 
2025-04-04 07:44:15.937621 - Found $README.txt (text/plain) in SYSLBD.SOFTPUB.DOC, moved to SOFTPUB/DOC/$README
2025-04-04 07:44:15.937774 - Found BMPRIMER.txt (text/plain) in SYSLBD.SOFTPUB.DOC, moved to SOFTPUB/DOC/BMPRIMER
2025-04-04 07:44:15.938632 - Found EXEC.xmi (application/xmit) in SYSLBD.SOFTPUB.PDS, moved to SOFTPUB/EXEC.xmi
2025-04-04 07:44:16.360665 - Received SYSLBD.SOFTPUB.EXECFB from EXEC.xmi 
2025-04-04 07:44:16.361592 - Found SOFTPBB.rexx (text/plain) in SYSLBD.SOFTPUB.EXECFB, moved to SOFTPUB/EXEC/SOFTPBB
2025-04-04 07:44:16.361741 - Found SOFTPBC.rexx (text/plain) in SYSLBD.SOFTPUB.EXECFB, moved to SOFTPUB/EXEC/SOFTPBC
2025-04-04 07:44:16.361876 - Found SOFTPBFX.rexx (text/plain) in SYSLBD.SOFTPUB.EXECFB, moved to SOFTPUB/EXEC/SOFTPBFX
2025-04-04 07:44:16.362009 - Found SOFTPBKL.rexx (text/plain) in SYSLBD.SOFTPUB.EXECFB, moved to SOFTPUB/EXEC/SOFTPBKL
2025-04-04 07:44:16.362136 - Found SOFTPBRC.rexx (text/plain) in SYSLBD.SOFTPUB.EXECFB, moved to SOFTPUB/EXEC/SOFTPBRC
2025-04-04 07:44:16.362261 - Found SOFTPBRN.rexx (text/plain) in SYSLBD.SOFTPUB.EXECFB, moved to SOFTPUB/EXEC/SOFTPBRN
2025-04-04 07:44:16.362387 - Found SOFTPBRP.rexx (text/plain) in SYSLBD.SOFTPUB.EXECFB, moved to SOFTPUB/EXEC/SOFTPBRP
2025-04-04 07:44:16.362516 - Found SOFTPCDE.rexx (text/plain) in SYSLBD.SOFTPUB.EXECFB, moved to SOFTPUB/EXEC/SOFTPCDE
2025-04-04 07:44:16.362633 - Found SOFTPCDR.rexx (text/plain) in SYSLBD.SOFTPUB.EXECFB, moved to SOFTPUB/EXEC/SOFTPCDR
2025-04-04 07:44:16.362751 - Found SOFTPDFT.rexx (text/plain) in SYSLBD.SOFTPUB.EXECFB, moved to SOFTPUB/EXEC/SOFTPDFT
2025-04-04 07:44:16.362877 - Found SOFTPES.rexx (text/plain) in SYSLBD.SOFTPUB.EXECFB, moved to SOFTPUB/EXEC/SOFTPES
2025-04-04 07:44:16.363004 - Found SOFTPLST.rexx (text/plain) in SYSLBD.SOFTPUB.EXECFB, moved to SOFTPUB/EXEC/SOFTPLST
2025-04-04 07:44:16.363121 - Found SOFTPSCL.rexx (text/plain) in SYSLBD.SOFTPUB.EXECFB, moved to SOFTPUB/EXEC/SOFTPSCL
2025-04-04 07:44:16.363244 - Found SOFTPUB.rexx (text/plain) in SYSLBD.SOFTPUB.EXECFB, moved to SOFTPUB/EXEC/SOFTPUB
2025-04-04 07:44:16.363362 - Found SOFTPUBA.rexx (text/plain) in SYSLBD.SOFTPUB.EXECFB, moved to SOFTPUB/EXEC/SOFTPUBA
2025-04-04 07:44:16.363482 - Found SOFTPUBX.rexx (text/plain) in SYSLBD.SOFTPUB.EXECFB, moved to SOFTPUB/EXEC/SOFTPUBX
2025-04-04 07:44:16.363609 - Found SOFTPUSD.rexx (text/plain) in SYSLBD.SOFTPUB.EXECFB, moved to SOFTPUB/EXEC/SOFTPUSD
2025-04-04 07:44:16.365307 - Found MSGS.xmi (application/xmit) in SYSLBD.SOFTPUB.PDS, moved to SOFTPUB/MSGS.xmi
2025-04-04 07:44:16.373967 - Received SYSLBD.SOFTPUB.MSGS from MSGS.xmi 
2025-04-04 07:44:16.374371 - Found SOFTP00.txt (text/plain) in SYSLBD.SOFTPUB.MSGS, moved to SOFTPUB/MSGS/SOFTP00
2025-04-04 07:44:16.374697 - Found PANELS.xmi (application/xmit) in SYSLBD.SOFTPUB.PDS, moved to SOFTPUB/PANELS.xmi
2025-04-04 07:44:16.483481 - Received SYSLBD.SOFTPUB.PANELS from PANELS.xmi 
2025-04-04 07:44:16.484230 - Found SOFTPBCW.txt (text/plain) in SYSLBD.SOFTPUB.PANELS, moved to SOFTPUB/PANELS/SOFTPBCW
2025-04-04 07:44:16.484380 - Found SOFTPBHA.txt (text/plain) in SYSLBD.SOFTPUB.PANELS, moved to SOFTPUB/PANELS/SOFTPBHA
2025-04-04 07:44:16.484517 - Found SOFTPBTP.txt (text/plain) in SYSLBD.SOFTPUB.PANELS, moved to SOFTPUB/PANELS/SOFTPBTP
2025-04-04 07:44:16.484645 - Found SOFTPBTS.txt (text/plain) in SYSLBD.SOFTPUB.PANELS, moved to SOFTPUB/PANELS/SOFTPBTS
2025-04-04 07:44:16.484760 - Found SOFTPBWB.txt (text/plain) in SYSLBD.SOFTPUB.PANELS, moved to SOFTPUB/PANELS/SOFTPBWB
2025-04-04 07:44:16.484869 - Found SOFTPBWC.txt (text/plain) in SYSLBD.SOFTPUB.PANELS, moved to SOFTPUB/PANELS/SOFTPBWC
2025-04-04 07:44:16.484983 - Found SOFTPBWT.txt (text/plain) in SYSLBD.SOFTPUB.PANELS, moved to SOFTPUB/PANELS/SOFTPBWT
2025-04-04 07:44:16.485097 - Found SOFTPES.txt (text/plain) in SYSLBD.SOFTPUB.PANELS, moved to SOFTPUB/PANELS/SOFTPES
2025-04-04 07:44:16.485209 - Found SOFTPUBA.txt (text/plain) in SYSLBD.SOFTPUB.PANELS, moved to SOFTPUB/PANELS/SOFTPUBA
2025-04-04 07:44:16.485327 - Found SOFTPUBD.txt (text/plain) in SYSLBD.SOFTPUB.PANELS, moved to SOFTPUB/PANELS/SOFTPUBD
2025-04-04 07:44:16.485457 - Found SOFTPUBH.txt (text/plain) in SYSLBD.SOFTPUB.PANELS, moved to SOFTPUB/PANELS/SOFTPUBH
2025-04-04 07:44:16.485568 - Found SOFTPUBX.txt (text/plain) in SYSLBD.SOFTPUB.PANELS, moved to SOFTPUB/PANELS/SOFTPUBX
2025-04-04 07:44:16.486195 - Found SKELS.xmi (application/xmit) in SYSLBD.SOFTPUB.PDS, moved to SOFTPUB/SKELS.xmi
2025-04-04 07:44:16.502382 - Received SYSLBD.SOFTPUB.SKELS from SKELS.xmi 
2025-04-04 07:44:16.502800 - Found SOFTPLST.txt (text/plain) in SYSLBD.SOFTPUB.SKELS, moved to SOFTPUB/SKELS/SOFTPLST
2025-04-04 07:44:16.502936 - Found SOFTSUMM.txt (text/plain) in SYSLBD.SOFTPUB.SKELS, moved to SOFTPUB/SKELS/SOFTSUMM
2025-04-04 07:44:16.503486 - Found TABLE.xmi (application/xmit) in SYSLBD.SOFTPUB.PDS, moved to SOFTPUB/TABLE.xmi
2025-04-04 07:44:16.745562 - Received SYSLBD.SOFTPUB.TABLE from TABLE.xmi 
2025-04-04 07:44:16.747377 - Found BUILD.txt (text/plain) in SYSLBD.SOFTPUB.TABLE, moved to SOFTPUB/TABLE/BUILD
2025-04-04 07:44:16.747535 - Found GG.txt (text/plain) in SYSLBD.SOFTPUB.TABLE, moved to SOFTPUB/TABLE/GG
2025-04-04 07:44:16.747671 - Found MASTER.txt (text/plain) in SYSLBD.SOFTPUB.TABLE, moved to SOFTPUB/TABLE/MASTER
2025-04-04 07:44:16.747804 - Found OMAST001.txt (text/plain) in SYSLBD.SOFTPUB.TABLE, moved to SOFTPUB/TABLE/OMAST001
2025-04-04 07:44:16.747930 - Found OMAST002.txt (text/plain) in SYSLBD.SOFTPUB.TABLE, moved to SOFTPUB/TABLE/OMAST002
2025-04-04 07:44:16.748049 - Found OMAST003.txt (text/plain) in SYSLBD.SOFTPUB.TABLE, moved to SOFTPUB/TABLE/OMAST003
2025-04-04 07:44:16.748167 - Found OMAST004.txt (text/plain) in SYSLBD.SOFTPUB.TABLE, moved to SOFTPUB/TABLE/OMAST004
2025-04-04 07:44:16.748298 - Found OMAST005.txt (text/plain) in SYSLBD.SOFTPUB.TABLE, moved to SOFTPUB/TABLE/OMAST005
2025-04-04 07:44:16.748410 - Found SFT52001.bin (application/octet-stream) in SYSLBD.SOFTPUB.TABLE, moved to SOFTPUB/TABLE/SFT52001
2025-04-04 07:44:16.748525 - Found SFT52002.bin (application/octet-stream) in SYSLBD.SOFTPUB.TABLE, moved to SOFTPUB/TABLE/SFT52002
2025-04-04 07:44:16.748652 - Found SFT52003.bin (application/octet-stream) in SYSLBD.SOFTPUB.TABLE, moved to SOFTPUB/TABLE/SFT52003
2025-04-04 07:44:16.748768 - Found SFT52004.bin (application/octet-stream) in SYSLBD.SOFTPUB.TABLE, moved to SOFTPUB/TABLE/SFT52004
2025-04-04 07:44:16.748883 - Found SFT52005.bin (application/octet-stream) in SYSLBD.SOFTPUB.TABLE, moved to SOFTPUB/TABLE/SFT52005
2025-04-04 07:44:16.748992 - Found SFT52006.bin (application/octet-stream) in SYSLBD.SOFTPUB.TABLE, moved to SOFTPUB/TABLE/SFT52006
2025-04-04 07:44:16.749109 - Found SFT52007.bin (application/octet-stream) in SYSLBD.SOFTPUB.TABLE, moved to SOFTPUB/TABLE/SFT52007
2025-04-04 07:44:16.749218 - Found SFT52008.bin (application/octet-stream) in SYSLBD.SOFTPUB.TABLE, moved to SOFTPUB/TABLE/SFT52008
2025-04-04 07:44:16.749343 - Found SFT52009.bin (application/octet-stream) in SYSLBD.SOFTPUB.TABLE, moved to SOFTPUB/TABLE/SFT52009
2025-04-04 07:44:16.749460 - Found SFT52010.bin (application/octet-stream) in SYSLBD.SOFTPUB.TABLE, moved to SOFTPUB/TABLE/SFT52010
2025-04-04 07:44:16.749583 - Found SFT52011.bin (application/octet-stream) in SYSLBD.SOFTPUB.TABLE, moved to SOFTPUB/TABLE/SFT52011
2025-04-04 07:44:16.749716 - Found SFT52012.bin (application/octet-stream) in SYSLBD.SOFTPUB.TABLE, moved to SOFTPUB/TABLE/SFT52012
2025-04-04 07:44:16.749855 - Found SFT52013.bin (application/octet-stream) in SYSLBD.SOFTPUB.TABLE, moved to SOFTPUB/TABLE/SFT52013
2025-04-04 07:44:16.749975 - Found SFT52014.bin (application/octet-stream) in SYSLBD.SOFTPUB.TABLE, moved to SOFTPUB/TABLE/SFT52014
2025-04-04 07:44:16.750087 - Found SFT52015.bin (application/octet-stream) in SYSLBD.SOFTPUB.TABLE, moved to SOFTPUB/TABLE/SFT52015
2025-04-04 07:44:16.750199 - Found SFT52016.bin (application/octet-stream) in SYSLBD.SOFTPUB.TABLE, moved to SOFTPUB/TABLE/SFT52016
2025-04-04 07:44:16.750330 - Found SFT52017.bin (application/octet-stream) in SYSLBD.SOFTPUB.TABLE, moved to SOFTPUB/TABLE/SFT52017
2025-04-04 07:44:16.750457 - Found SFT52018.bin (application/octet-stream) in SYSLBD.SOFTPUB.TABLE, moved to SOFTPUB/TABLE/SFT52018
2025-04-04 07:44:16.750569 - Found SFT52019.bin (application/octet-stream) in SYSLBD.SOFTPUB.TABLE, moved to SOFTPUB/TABLE/SFT52019
2025-04-04 07:44:16.750691 - Found SFT52020.bin (application/octet-stream) in SYSLBD.SOFTPUB.TABLE, moved to SOFTPUB/TABLE/SFT52020
2025-04-04 07:44:16.750828 - Found SFT52021.bin (application/octet-stream) in SYSLBD.SOFTPUB.TABLE, moved to SOFTPUB/TABLE/SFT52021
2025-04-04 07:44:16.750940 - Found SFT52022.bin (application/octet-stream) in SYSLBD.SOFTPUB.TABLE, moved to SOFTPUB/TABLE/SFT52022
2025-04-04 07:44:16.751048 - Found SFT52023.bin (application/octet-stream) in SYSLBD.SOFTPUB.TABLE, moved to SOFTPUB/TABLE/SFT52023
2025-04-04 07:44:16.751162 - Found SFT52024.bin (application/octet-stream) in SYSLBD.SOFTPUB.TABLE, moved to SOFTPUB/TABLE/SFT52024
2025-04-04 07:44:16.751293 - Found SFT52025.bin (application/octet-stream) in SYSLBD.SOFTPUB.TABLE, moved to SOFTPUB/TABLE/SFT52025
2025-04-04 07:44:16.751414 - Found SFT52026.bin (application/octet-stream) in SYSLBD.SOFTPUB.TABLE, moved to SOFTPUB/TABLE/SFT52026
2025-04-04 07:44:16.751524 - Found SFT52027.bin (application/octet-stream) in SYSLBD.SOFTPUB.TABLE, moved to SOFTPUB/TABLE/SFT52027
2025-04-04 07:44:16.751630 - Found SFT52028.bin (application/octet-stream) in SYSLBD.SOFTPUB.TABLE, moved to SOFTPUB/TABLE/SFT52028
2025-04-04 07:44:16.751741 - Found SFT52029.bin (application/octet-stream) in SYSLBD.SOFTPUB.TABLE, moved to SOFTPUB/TABLE/SFT52029
2025-04-04 07:44:16.751868 - Found SFT52030.bin (application/octet-stream) in SYSLBD.SOFTPUB.TABLE, moved to SOFTPUB/TABLE/SFT52030
2025-04-04 07:44:16.751984 - Found SFT52031.bin (application/octet-stream) in SYSLBD.SOFTPUB.TABLE, moved to SOFTPUB/TABLE/SFT52031
2025-04-04 07:44:16.752117 - Found SFT52032.bin (application/octet-stream) in SYSLBD.SOFTPUB.TABLE, moved to SOFTPUB/TABLE/SFT52032
2025-04-04 07:44:16.752230 - Found SFT52033.bin (application/octet-stream) in SYSLBD.SOFTPUB.TABLE, moved to SOFTPUB/TABLE/SFT52033
2025-04-04 07:44:16.752348 - Found SFT52034.bin (application/octet-stream) in SYSLBD.SOFTPUB.TABLE, moved to SOFTPUB/TABLE/SFT52034
2025-04-04 07:44:16.752459 - Found SFT52035.bin (application/octet-stream) in SYSLBD.SOFTPUB.TABLE, moved to SOFTPUB/TABLE/SFT52035
2025-04-04 07:44:16.752567 - Found SFT52036.bin (application/octet-stream) in SYSLBD.SOFTPUB.TABLE, moved to SOFTPUB/TABLE/SFT52036
2025-04-04 07:44:16.752673 - Found SFT52037.bin (application/octet-stream) in SYSLBD.SOFTPUB.TABLE, moved to SOFTPUB/TABLE/SFT52037
2025-04-04 07:44:16.752781 - Found SFT52038.bin (application/octet-stream) in SYSLBD.SOFTPUB.TABLE, moved to SOFTPUB/TABLE/SFT52038
2025-04-04 07:44:16.752889 - Found SFT52039.bin (application/octet-stream) in SYSLBD.SOFTPUB.TABLE, moved to SOFTPUB/TABLE/SFT52039
2025-04-04 07:44:16.753015 - Found SFT52040.bin (application/octet-stream) in SYSLBD.SOFTPUB.TABLE, moved to SOFTPUB/TABLE/SFT52040
2025-04-04 07:44:16.753127 - Found SFT52041.bin (application/octet-stream) in SYSLBD.SOFTPUB.TABLE, moved to SOFTPUB/TABLE/SFT52041
2025-04-04 07:44:16.753236 - Found SFT52042.bin (application/octet-stream) in SYSLBD.SOFTPUB.TABLE, moved to SOFTPUB/TABLE/SFT52042
2025-04-04 07:44:16.753362 - Found SOFTCOPY.bin (application/octet-stream) in SYSLBD.SOFTPUB.TABLE, moved to SOFTPUB/TABLE/SOFTCOPY
2025-04-04 07:44:16.753576 - Found SOFTPALB.bin (application/octet-stream) in SYSLBD.SOFTPUB.TABLE, moved to SOFTPUB/TABLE/SOFTPALB
2025-04-04 07:44:16.753701 - Found SOFTPALL.bin (application/octet-stream) in SYSLBD.SOFTPUB.TABLE, moved to SOFTPUB/TABLE/SOFTPALL
2025-04-04 07:44:16.753815 - Found UPDATE.txt (text/plain) in SYSLBD.SOFTPUB.TABLE, moved to SOFTPUB/TABLE/UPDATE
2025-04-04 07:44:16.756815 - Found SOFTPUB$.txt (text/plain) in SBGOLOB.CBT509.FILE313, moved to PDS/SOFTPUB$
2025-04-04 07:44:16.757048 - Found SPELLC.xmi (application/xmit) in SBGOLOB.CBT509.FILE313, moved to PDS/SPELLC.xmi
2025-04-04 07:44:16.847948 - Received LBDYCK.SPELLC.PDS from SPELLC.xmi 
2025-04-04 07:44:16.848545 - Found $DOC.txt (text/plain) in LBDYCK.SPELLC.PDS, moved to SPELLC/$DOC
2025-04-04 07:44:16.848692 - Found $MORE.txt (text/plain) in LBDYCK.SPELLC.PDS, moved to SPELLC/$MORE
2025-04-04 07:44:16.848822 - Found CHANGES.txt (text/plain) in LBDYCK.SPELLC.PDS, moved to SPELLC/CHANGES
2025-04-04 07:44:16.848986 - Found EXEC.xmi (application/xmit) in LBDYCK.SPELLC.PDS, moved to SPELLC/EXEC.xmi
2025-04-04 07:44:16.929738 - Received LBDYCK.LIONEL.EXEC from EXEC.xmi 
2025-04-04 07:44:16.930280 - Found SPELLC.rexx (text/plain) in LBDYCK.LIONEL.EXEC, moved to SPELLC/EXEC/SPELLC
2025-04-04 07:44:16.930453 - Found SPELLCA.rexx (text/plain) in LBDYCK.LIONEL.EXEC, moved to SPELLC/EXEC/SPELLCA
2025-04-04 07:44:16.930598 - Found SPELLCDF.rexx (text/plain) in LBDYCK.LIONEL.EXEC, moved to SPELLC/EXEC/SPELLCDF
2025-04-04 07:44:16.930729 - Found SPELLCPN.rexx (text/plain) in LBDYCK.LIONEL.EXEC, moved to SPELLC/EXEC/SPELLCPN
2025-04-04 07:44:16.931120 - Found PANELS.xmi (application/xmit) in LBDYCK.SPELLC.PDS, moved to SPELLC/PANELS.xmi
2025-04-04 07:44:16.962525 - Received LBDYCK.LIONEL.PANELS from PANELS.xmi 
2025-04-04 07:44:16.962985 - Found SPELLCD.txt (text/plain) in LBDYCK.LIONEL.PANELS, moved to SPELLC/PANELS/SPELLCD
2025-04-04 07:44:16.963113 - Found SPELLCH.txt (text/plain) in LBDYCK.LIONEL.PANELS, moved to SPELLC/PANELS/SPELLCH
2025-04-04 07:44:16.963237 - Found SPELLCP.txt (text/plain) in LBDYCK.LIONEL.PANELS, moved to SPELLC/PANELS/SPELLCP
2025-04-04 07:44:16.963588 - Found WBAD.txt (text/plain) in LBDYCK.SPELLC.PDS, moved to SPELLC/WBAD
2025-04-04 07:44:16.963711 - Found WGOOD.txt (text/plain) in LBDYCK.SPELLC.PDS, moved to SPELLC/WGOOD
2025-04-04 07:44:16.963884 - Found WORDS.txt (text/plain) in LBDYCK.SPELLC.PDS, moved to SPELLC/WORDS
2025-04-04 07:44:16.964309 - Found SPELLC$.txt (text/plain) in SBGOLOB.CBT509.FILE313, moved to PDS/SPELLC$
2025-04-04 07:44:16.964426 - Found SPELLC$#.txt (text/plain) in SBGOLOB.CBT509.FILE313, moved to PDS/SPELLC$#
2025-04-04 07:44:16.964554 - Found SPELLCHG.txt (text/plain) in SBGOLOB.CBT509.FILE313, moved to PDS/SPELLCHG
2025-04-04 07:44:16.964670 - Found SYNCFTP.rexx (text/plain) in SBGOLOB.CBT509.FILE313, moved to PDS/SYNCFTP
2025-04-04 07:44:16.964813 - Found TERSE.xmi (application/xmit) in SBGOLOB.CBT509.FILE313, moved to PDS/TERSE.xmi
2025-04-04 07:44:16.989732 - Received SYSLBD.TERSE.PDS from TERSE.xmi 
2025-04-04 07:44:16.990201 - Found $DOC.txt (text/plain) in SYSLBD.TERSE.PDS, moved to TERSE/$DOC
2025-04-04 07:44:16.990339 - Found EXEC.xmi (application/xmit) in SYSLBD.TERSE.PDS, moved to TERSE/EXEC.xmi
2025-04-04 07:44:17.025324 - Received SYSLBD.LIONEL.EXECFB from EXEC.xmi 
2025-04-04 07:44:17.025790 - Found PACKDS.rexx (text/plain) in SYSLBD.LIONEL.EXECFB, moved to TERSE/EXEC/PACKDS
2025-04-04 07:44:17.025920 - Found UNPACKDS.rexx (text/plain) in SYSLBD.LIONEL.EXECFB, moved to TERSE/EXEC/UNPACKDS
2025-04-04 07:44:17.026250 - Found PANELS.xmi (application/xmit) in SYSLBD.TERSE.PDS, moved to TERSE/PANELS.xmi
2025-04-04 07:44:17.046743 - Received SYSLBD.LIONEL.PANELS from PANELS.xmi 
2025-04-04 07:44:17.047179 - Found PACKDS.txt (text/plain) in SYSLBD.LIONEL.PANELS, moved to TERSE/PANELS/PACKDS
2025-04-04 07:44:17.047322 - Found UNPACKDS.txt (text/plain) in SYSLBD.LIONEL.PANELS, moved to TERSE/PANELS/UNPACKDS
2025-04-04 07:44:17.047655 - Found RECEIVE.rexx (text/plain) in SYSLBD.TERSE.PDS, moved to TERSE/RECEIVE
2025-04-04 07:44:17.047987 - Found TIMER.rexx (text/plain) in SBGOLOB.CBT509.FILE313, moved to PDS/TIMER
2025-04-04 07:44:17.048136 - Found TMAILQRY.xmi (application/xmit) in SBGOLOB.CBT509.FILE313, moved to PDS/TMAILQRY.xmi
2025-04-04 07:44:17.083332 - Received SYSLBD.TMAILQRY.PDS from TMAILQRY.xmi 
2025-04-04 07:44:17.083799 - Found $DOC.txt (text/plain) in SYSLBD.TMAILQRY.PDS, moved to TMAILQRY/$DOC
2025-04-04 07:44:17.083926 - Found ASMLINK.jcl (text/plain) in SYSLBD.TMAILQRY.PDS, moved to TMAILQRY/ASMLINK
2025-04-04 07:44:17.084063 - Found TMAILQRY.txt (text/plain) in SYSLBD.TMAILQRY.PDS, moved to TMAILQRY/TMAILQRY
2025-04-04 07:44:17.084189 - Found TMAILTST.rexx (text/plain) in SYSLBD.TMAILQRY.PDS, moved to TMAILQRY/TMAILTST
2025-04-04 07:44:17.084587 - Found TRYIT.xmi (application/xmit) in SBGOLOB.CBT509.FILE313, moved to PDS/TRYIT.xmi
2025-04-04 07:44:17.124960 - Received LBDYCK.TRYIT.PDS from TRYIT.xmi 
2025-04-04 07:44:17.125526 - Found $DOC.txt (text/plain) in LBDYCK.TRYIT.PDS, moved to TRYIT/$DOC
2025-04-04 07:44:17.125662 - Found $RECV.rexx (text/plain) in LBDYCK.TRYIT.PDS, moved to TRYIT/$RECV
2025-04-04 07:44:17.125794 - Found $USERDOC.txt (text/plain) in LBDYCK.TRYIT.PDS, moved to TRYIT/$USERDOC
2025-04-04 07:44:17.125943 - Found EXEC.xmi (application/xmit) in LBDYCK.TRYIT.PDS, moved to TRYIT/EXEC.xmi
2025-04-04 07:44:17.151392 - Received LBDYCK.TRYIT.EXEC from EXEC.xmi 
2025-04-04 07:44:17.151800 - Found TRYIT.rexx (text/plain) in LBDYCK.TRYIT.EXEC, moved to TRYIT/EXEC/TRYIT
2025-04-04 07:44:17.152127 - Found PANELS.xmi (application/xmit) in LBDYCK.TRYIT.PDS, moved to TRYIT/PANELS.xmi
2025-04-04 07:44:17.178388 - Received LBDYCK.TRYIT.PANELS from PANELS.xmi 
2025-04-04 07:44:17.178879 - Found #TRYIT.txt (text/plain) in LBDYCK.TRYIT.PANELS, moved to TRYIT/PANELS/#TRYIT
2025-04-04 07:44:17.179039 - Found #TRYIT1.txt (text/plain) in LBDYCK.TRYIT.PANELS, moved to TRYIT/PANELS/#TRYIT1
2025-04-04 07:44:17.179181 - Found #TRYIT2.txt (text/plain) in LBDYCK.TRYIT.PANELS, moved to TRYIT/PANELS/#TRYIT2
2025-04-04 07:44:17.179787 - Found TRYIT$.txt (text/plain) in SBGOLOB.CBT509.FILE313, moved to PDS/TRYIT$
2025-04-04 07:44:17.180067 - Found TSOEMAIL.xmi (application/xmit) in SBGOLOB.CBT509.FILE313, moved to PDS/TSOEMAIL.xmi
2025-04-04 07:44:17.305556 - Received SYSLBD.TSOEMAIL.PDS from TSOEMAIL.xmi 
2025-04-04 07:44:17.306276 - Found $README.txt (text/plain) in SYSLBD.TSOEMAIL.PDS, moved to TSOEMAIL/$README
2025-04-04 07:44:17.306418 - Found ASM.txt (text/plain) in SYSLBD.TSOEMAIL.PDS, moved to TSOEMAIL/ASM
2025-04-04 07:44:17.306544 - Found DOCUMENT.txt (text/plain) in SYSLBD.TSOEMAIL.PDS, moved to TSOEMAIL/DOCUMENT
2025-04-04 07:44:17.306726 - Found EXEC.xmi (application/xmit) in SYSLBD.TSOEMAIL.PDS, moved to TSOEMAIL/EXEC.xmi
2025-04-04 07:44:17.604825 - Received SYSLBD.TSOEMAIL.EXEC from EXEC.xmi 
2025-04-04 07:44:17.605826 - Found TMAILCPY.rexx (text/plain) in SYSLBD.TSOEMAIL.EXEC, moved to TSOEMAIL/EXEC/TMAILCPY
2025-04-04 07:44:17.605983 - Found TMAILDEF.rexx (text/plain) in SYSLBD.TSOEMAIL.EXEC, moved to TSOEMAIL/EXEC/TMAILDEF
2025-04-04 07:44:17.606116 - Found TMAILEDM.rexx (text/plain) in SYSLBD.TSOEMAIL.EXEC, moved to TSOEMAIL/EXEC/TMAILEDM
2025-04-04 07:44:17.606249 - Found TMAILEDX.rexx (text/plain) in SYSLBD.TSOEMAIL.EXEC, moved to TSOEMAIL/EXEC/TMAILEDX
2025-04-04 07:44:17.606373 - Found TMAILEMC.rexx (text/plain) in SYSLBD.TSOEMAIL.EXEC, moved to TSOEMAIL/EXEC/TMAILEMC
2025-04-04 07:44:17.606491 - Found TMAILEME.rexx (text/plain) in SYSLBD.TSOEMAIL.EXEC, moved to TSOEMAIL/EXEC/TMAILEME
2025-04-04 07:44:17.606613 - Found TMAILEPF.rexx (text/plain) in SYSLBD.TSOEMAIL.EXEC, moved to TSOEMAIL/EXEC/TMAILEPF
2025-04-04 07:44:17.606738 - Found TMAILESM.rexx (text/plain) in SYSLBD.TSOEMAIL.EXEC, moved to TSOEMAIL/EXEC/TMAILESM
2025-04-04 07:44:17.606869 - Found TMAILLOG.rexx (text/plain) in SYSLBD.TSOEMAIL.EXEC, moved to TSOEMAIL/EXEC/TMAILLOG
2025-04-04 07:44:17.606989 - Found TMAILNIK.rexx (text/plain) in SYSLBD.TSOEMAIL.EXEC, moved to TSOEMAIL/EXEC/TMAILNIK
2025-04-04 07:44:17.607115 - Found TMAILPTF.rexx (text/plain) in SYSLBD.TSOEMAIL.EXEC, moved to TSOEMAIL/EXEC/TMAILPTF
2025-04-04 07:44:17.607236 - Found TMAILSAF.rexx (text/plain) in SYSLBD.TSOEMAIL.EXEC, moved to TSOEMAIL/EXEC/TMAILSAF
2025-04-04 07:44:17.607348 - Found TMAILSM.rexx (text/plain) in SYSLBD.TSOEMAIL.EXEC, moved to TSOEMAIL/EXEC/TMAILSM
2025-04-04 07:44:17.607704 - Found TMAILSND.rexx (text/plain) in SYSLBD.TSOEMAIL.EXEC, moved to TSOEMAIL/EXEC/TMAILSND
2025-04-04 07:44:17.607826 - Found TMAILTST.rexx (text/plain) in SYSLBD.TSOEMAIL.EXEC, moved to TSOEMAIL/EXEC/TMAILTST
2025-04-04 07:44:17.607945 - Found TMFIXSUB.rexx (text/plain) in SYSLBD.TSOEMAIL.EXEC, moved to TSOEMAIL/EXEC/TMFIXSUB
2025-04-04 07:44:17.608057 - Found TMGETNOD.rexx (text/plain) in SYSLBD.TSOEMAIL.EXEC, moved to TSOEMAIL/EXEC/TMGETNOD
2025-04-04 07:44:17.608171 - Found TMIBMFAX.rexx (text/plain) in SYSLBD.TSOEMAIL.EXEC, moved to TSOEMAIL/EXEC/TMIBMFAX
2025-04-04 07:44:17.608318 - Found TSOMAIL.rexx (text/plain) in SYSLBD.TSOEMAIL.EXEC, moved to TSOEMAIL/EXEC/TSOMAIL
2025-04-04 07:44:17.608462 - Found TSOMAILM.rexx (text/plain) in SYSLBD.TSOEMAIL.EXEC, moved to TSOEMAIL/EXEC/TSOMAILM
2025-04-04 07:44:17.609343 - Found IBMMAIL.txt (text/plain) in SYSLBD.TSOEMAIL.PDS, moved to TSOEMAIL/IBMMAIL
2025-04-04 07:44:17.609489 - Found MACROS.txt (text/plain) in SYSLBD.TSOEMAIL.PDS, moved to TSOEMAIL/MACROS
2025-04-04 07:44:17.609607 - Found MSGS.xmi (application/xmit) in SYSLBD.TSOEMAIL.PDS, moved to TSOEMAIL/MSGS.xmi
2025-04-04 07:44:17.619449 - Received SYSLBD.TSOEMAIL.MSGS from MSGS.xmi 
2025-04-04 07:44:17.619841 - Found MAIL00.txt (text/plain) in SYSLBD.TSOEMAIL.MSGS, moved to TSOEMAIL/MSGS/MAIL00
2025-04-04 07:44:17.620220 - Found PANELS.xmi (application/xmit) in SYSLBD.TSOEMAIL.PDS, moved to TSOEMAIL/PANELS.xmi
2025-04-04 07:44:18.329081 - Received SYSLBD.TSOEMAIL.PANELS from PANELS.xmi 
2025-04-04 07:44:18.331659 - Found TMAILCFD.txt (text/plain) in SYSLBD.TSOEMAIL.PANELS, moved to TSOEMAIL/PANELS/TMAILCFD
2025-04-04 07:44:18.331791 - Found TMAILCML.txt (text/plain) in SYSLBD.TSOEMAIL.PANELS, moved to TSOEMAIL/PANELS/TMAILCML
2025-04-04 07:44:18.331913 - Found TMAILCPY.txt (text/plain) in SYSLBD.TSOEMAIL.PANELS, moved to TSOEMAIL/PANELS/TMAILCPY
2025-04-04 07:44:18.332035 - Found TMAILDEF.txt (text/plain) in SYSLBD.TSOEMAIL.PANELS, moved to TSOEMAIL/PANELS/TMAILDEF
2025-04-04 07:44:18.332163 - Found TMAILEDT.txt (text/plain) in SYSLBD.TSOEMAIL.PANELS, moved to TSOEMAIL/PANELS/TMAILEDT
2025-04-04 07:44:18.332278 - Found TMAILFFL.txt (text/plain) in SYSLBD.TSOEMAIL.PANELS, moved to TSOEMAIL/PANELS/TMAILFFL
2025-04-04 07:44:18.332389 - Found TMAILFIL.txt (text/plain) in SYSLBD.TSOEMAIL.PANELS, moved to TSOEMAIL/PANELS/TMAILFIL
2025-04-04 07:44:18.332509 - Found TMAILFRN.txt (text/plain) in SYSLBD.TSOEMAIL.PANELS, moved to TSOEMAIL/PANELS/TMAILFRN
2025-04-04 07:44:18.332627 - Found TMAILFWD.txt (text/plain) in SYSLBD.TSOEMAIL.PANELS, moved to TSOEMAIL/PANELS/TMAILFWD
2025-04-04 07:44:18.332737 - Found TMAILFWF.txt (text/plain) in SYSLBD.TSOEMAIL.PANELS, moved to TSOEMAIL/PANELS/TMAILFWF
2025-04-04 07:44:18.332852 - Found TMAILHC.txt (text/plain) in SYSLBD.TSOEMAIL.PANELS, moved to TSOEMAIL/PANELS/TMAILHC
2025-04-04 07:44:18.332977 - Found TMAILHD1.txt (text/plain) in SYSLBD.TSOEMAIL.PANELS, moved to TSOEMAIL/PANELS/TMAILHD1
2025-04-04 07:44:18.333090 - Found TMAILHD2.txt (text/plain) in SYSLBD.TSOEMAIL.PANELS, moved to TSOEMAIL/PANELS/TMAILHD2
2025-04-04 07:44:18.333200 - Found TMAILHFF.txt (text/plain) in SYSLBD.TSOEMAIL.PANELS, moved to TSOEMAIL/PANELS/TMAILHFF
2025-04-04 07:44:18.333313 - Found TMAILHFW.txt (text/plain) in SYSLBD.TSOEMAIL.PANELS, moved to TSOEMAIL/PANELS/TMAILHFW
2025-04-04 07:44:18.333427 - Found TMAILHLP.txt (text/plain) in SYSLBD.TSOEMAIL.PANELS, moved to TSOEMAIL/PANELS/TMAILHLP
2025-04-04 07:44:18.333548 - Found TMAILHS1.txt (text/plain) in SYSLBD.TSOEMAIL.PANELS, moved to TSOEMAIL/PANELS/TMAILHS1
2025-04-04 07:44:18.333659 - Found TMAILH0.txt (text/plain) in SYSLBD.TSOEMAIL.PANELS, moved to TSOEMAIL/PANELS/TMAILH0
2025-04-04 07:44:18.333786 - Found TMAILH1.txt (text/plain) in SYSLBD.TSOEMAIL.PANELS, moved to TSOEMAIL/PANELS/TMAILH1
2025-04-04 07:44:18.333922 - Found TMAILH1A.txt (text/plain) in SYSLBD.TSOEMAIL.PANELS, moved to TSOEMAIL/PANELS/TMAILH1A
2025-04-04 07:44:18.334056 - Found TMAILH1B.txt (text/plain) in SYSLBD.TSOEMAIL.PANELS, moved to TSOEMAIL/PANELS/TMAILH1B
2025-04-04 07:44:18.334189 - Found TMAILH1C.txt (text/plain) in SYSLBD.TSOEMAIL.PANELS, moved to TSOEMAIL/PANELS/TMAILH1C
2025-04-04 07:44:18.334302 - Found TMAILH1D.txt (text/plain) in SYSLBD.TSOEMAIL.PANELS, moved to TSOEMAIL/PANELS/TMAILH1D
2025-04-04 07:44:18.334418 - Found TMAILH1E.txt (text/plain) in SYSLBD.TSOEMAIL.PANELS, moved to TSOEMAIL/PANELS/TMAILH1E
2025-04-04 07:44:18.334535 - Found TMAILH1F.txt (text/plain) in SYSLBD.TSOEMAIL.PANELS, moved to TSOEMAIL/PANELS/TMAILH1F
2025-04-04 07:44:18.334664 - Found TMAILH10.txt (text/plain) in SYSLBD.TSOEMAIL.PANELS, moved to TSOEMAIL/PANELS/TMAILH10
2025-04-04 07:44:18.334778 - Found TMAILH2.txt (text/plain) in SYSLBD.TSOEMAIL.PANELS, moved to TSOEMAIL/PANELS/TMAILH2
2025-04-04 07:44:18.334896 - Found TMAILH2A.txt (text/plain) in SYSLBD.TSOEMAIL.PANELS, moved to TSOEMAIL/PANELS/TMAILH2A
2025-04-04 07:44:18.335005 - Found TMAILH2B.txt (text/plain) in SYSLBD.TSOEMAIL.PANELS, moved to TSOEMAIL/PANELS/TMAILH2B
2025-04-04 07:44:18.335125 - Found TMAILH2C.txt (text/plain) in SYSLBD.TSOEMAIL.PANELS, moved to TSOEMAIL/PANELS/TMAILH2C
2025-04-04 07:44:18.335264 - Found TMAILH2D.txt (text/plain) in SYSLBD.TSOEMAIL.PANELS, moved to TSOEMAIL/PANELS/TMAILH2D
2025-04-04 07:44:18.335455 - Found TMAILH3A.txt (text/plain) in SYSLBD.TSOEMAIL.PANELS, moved to TSOEMAIL/PANELS/TMAILH3A
2025-04-04 07:44:18.335606 - Found TMAILH3B.txt (text/plain) in SYSLBD.TSOEMAIL.PANELS, moved to TSOEMAIL/PANELS/TMAILH3B
2025-04-04 07:44:18.335732 - Found TMAILH3C.txt (text/plain) in SYSLBD.TSOEMAIL.PANELS, moved to TSOEMAIL/PANELS/TMAILH3C
2025-04-04 07:44:18.335859 - Found TMAILH3D.txt (text/plain) in SYSLBD.TSOEMAIL.PANELS, moved to TSOEMAIL/PANELS/TMAILH3D
2025-04-04 07:44:18.335981 - Found TMAILMNU.txt (text/plain) in SYSLBD.TSOEMAIL.PANELS, moved to TSOEMAIL/PANELS/TMAILMNU
2025-04-04 07:44:18.336097 - Found TMAILNIK.txt (text/plain) in SYSLBD.TSOEMAIL.PANELS, moved to TSOEMAIL/PANELS/TMAILNIK
2025-04-04 07:44:18.336210 - Found TMAILNTW.txt (text/plain) in SYSLBD.TSOEMAIL.PANELS, moved to TSOEMAIL/PANELS/TMAILNTW
2025-04-04 07:44:18.336336 - Found TMAILNV.txt (text/plain) in SYSLBD.TSOEMAIL.PANELS, moved to TSOEMAIL/PANELS/TMAILNV
2025-04-04 07:44:18.336456 - Found TMAILPO.txt (text/plain) in SYSLBD.TSOEMAIL.PANELS, moved to TSOEMAIL/PANELS/TMAILPO
2025-04-04 07:44:18.336570 - Found TMAILPTE.txt (text/plain) in SYSLBD.TSOEMAIL.PANELS, moved to TSOEMAIL/PANELS/TMAILPTE
2025-04-04 07:44:18.336694 - Found TMAILPTF.txt (text/plain) in SYSLBD.TSOEMAIL.PANELS, moved to TSOEMAIL/PANELS/TMAILPTF
2025-04-04 07:44:18.336816 - Found TMAILRCL.txt (text/plain) in SYSLBD.TSOEMAIL.PANELS, moved to TSOEMAIL/PANELS/TMAILRCL
2025-04-04 07:44:18.336929 - Found TMAILRDO.txt (text/plain) in SYSLBD.TSOEMAIL.PANELS, moved to TSOEMAIL/PANELS/TMAILRDO
2025-04-04 07:44:18.337038 - Found TMAILRW.txt (text/plain) in SYSLBD.TSOEMAIL.PANELS, moved to TSOEMAIL/PANELS/TMAILRW
2025-04-04 07:44:18.337145 - Found TMAILSFE.txt (text/plain) in SYSLBD.TSOEMAIL.PANELS, moved to TSOEMAIL/PANELS/TMAILSFE
2025-04-04 07:44:18.337258 - Found TMAILSFL.txt (text/plain) in SYSLBD.TSOEMAIL.PANELS, moved to TSOEMAIL/PANELS/TMAILSFL
2025-04-04 07:44:18.337370 - Found TMAILSM.txt (text/plain) in SYSLBD.TSOEMAIL.PANELS, moved to TSOEMAIL/PANELS/TMAILSM
2025-04-04 07:44:18.337483 - Found TMAILSND.txt (text/plain) in SYSLBD.TSOEMAIL.PANELS, moved to TSOEMAIL/PANELS/TMAILSND
2025-04-04 07:44:18.337604 - Found TMAILSRD.txt (text/plain) in SYSLBD.TSOEMAIL.PANELS, moved to TSOEMAIL/PANELS/TMAILSRD
2025-04-04 07:44:18.337725 - Found TMAILSRT.txt (text/plain) in SYSLBD.TSOEMAIL.PANELS, moved to TSOEMAIL/PANELS/TMAILSRT
2025-04-04 07:44:18.337834 - Found TMAILSUF.txt (text/plain) in SYSLBD.TSOEMAIL.PANELS, moved to TSOEMAIL/PANELS/TMAILSUF
2025-04-04 07:44:18.337947 - Found TMAILTBL.txt (text/plain) in SYSLBD.TSOEMAIL.PANELS, moved to TSOEMAIL/PANELS/TMAILTBL
2025-04-04 07:44:18.338064 - Found TMAILTBS.txt (text/plain) in SYSLBD.TSOEMAIL.PANELS, moved to TSOEMAIL/PANELS/TMAILTBS
2025-04-04 07:44:18.338182 - Found TMAILTBX.txt (text/plain) in SYSLBD.TSOEMAIL.PANELS, moved to TSOEMAIL/PANELS/TMAILTBX
2025-04-04 07:44:18.338292 - Found TMAILTLG.txt (text/plain) in SYSLBD.TSOEMAIL.PANELS, moved to TSOEMAIL/PANELS/TMAILTLG
2025-04-04 07:44:18.338400 - Found TMAILUNT.txt (text/plain) in SYSLBD.TSOEMAIL.PANELS, moved to TSOEMAIL/PANELS/TMAILUNT
2025-04-04 07:44:18.338524 - Found TMAILUSE.txt (text/plain) in SYSLBD.TSOEMAIL.PANELS, moved to TSOEMAIL/PANELS/TMAILUSE
2025-04-04 07:44:18.338646 - Found TMAILWAT.txt (text/plain) in SYSLBD.TSOEMAIL.PANELS, moved to TSOEMAIL/PANELS/TMAILWAT
2025-04-04 07:44:18.338753 - Found TMIBMFAX.txt (text/plain) in SYSLBD.TSOEMAIL.PANELS, moved to TSOEMAIL/PANELS/TMIBMFAX
2025-04-04 07:44:18.338861 - Found TMLOGC.txt (text/plain) in SYSLBD.TSOEMAIL.PANELS, moved to TSOEMAIL/PANELS/TMLOGC
2025-04-04 07:44:18.338983 - Found TMLOGHLP.txt (text/plain) in SYSLBD.TSOEMAIL.PANELS, moved to TSOEMAIL/PANELS/TMLOGHLP
2025-04-04 07:44:18.339095 - Found TMLOGHT.txt (text/plain) in SYSLBD.TSOEMAIL.PANELS, moved to TSOEMAIL/PANELS/TMLOGHT
2025-04-04 07:44:18.339208 - Found TMLOGH1.txt (text/plain) in SYSLBD.TSOEMAIL.PANELS, moved to TSOEMAIL/PANELS/TMLOGH1
2025-04-04 07:44:18.339319 - Found TMLOGH2.txt (text/plain) in SYSLBD.TSOEMAIL.PANELS, moved to TSOEMAIL/PANELS/TMLOGH2
2025-04-04 07:44:18.339425 - Found TMLOGH2B.txt (text/plain) in SYSLBD.TSOEMAIL.PANELS, moved to TSOEMAIL/PANELS/TMLOGH2B
2025-04-04 07:44:18.339533 - Found TMLOGI.txt (text/plain) in SYSLBD.TSOEMAIL.PANELS, moved to TSOEMAIL/PANELS/TMLOGI
2025-04-04 07:44:18.339659 - Found TMLOGTBL.txt (text/plain) in SYSLBD.TSOEMAIL.PANELS, moved to TSOEMAIL/PANELS/TMLOGTBL
2025-04-04 07:44:18.339775 - Found TMLOGTBS.txt (text/plain) in SYSLBD.TSOEMAIL.PANELS, moved to TSOEMAIL/PANELS/TMLOGTBS
2025-04-04 07:44:18.339889 - Found TMLOGTBX.txt (text/plain) in SYSLBD.TSOEMAIL.PANELS, moved to TSOEMAIL/PANELS/TMLOGTBX
2025-04-04 07:44:18.340009 - Found TMLOG1.txt (text/plain) in SYSLBD.TSOEMAIL.PANELS, moved to TSOEMAIL/PANELS/TMLOG1
2025-04-04 07:44:18.340121 - Found TMLOG2.txt (text/plain) in SYSLBD.TSOEMAIL.PANELS, moved to TSOEMAIL/PANELS/TMLOG2
2025-04-04 07:44:18.340231 - Found TMLOG3.txt (text/plain) in SYSLBD.TSOEMAIL.PANELS, moved to TSOEMAIL/PANELS/TMLOG3
2025-04-04 07:44:18.340346 - Found TMNIKTL.txt (text/plain) in SYSLBD.TSOEMAIL.PANELS, moved to TSOEMAIL/PANELS/TMNIKTL
2025-04-04 07:44:18.340463 - Found TMNIKTLI.txt (text/plain) in SYSLBD.TSOEMAIL.PANELS, moved to TSOEMAIL/PANELS/TMNIKTLI
2025-04-04 07:44:18.340747 - Found TMNIKTLL.txt (text/plain) in SYSLBD.TSOEMAIL.PANELS, moved to TSOEMAIL/PANELS/TMNIKTLL
2025-04-04 07:44:18.340884 - Found TMNIKTLN.txt (text/plain) in SYSLBD.TSOEMAIL.PANELS, moved to TSOEMAIL/PANELS/TMNIKTLN
2025-04-04 07:44:18.340995 - Found TMNIKT0.txt (text/plain) in SYSLBD.TSOEMAIL.PANELS, moved to TSOEMAIL/PANELS/TMNIKT0
2025-04-04 07:44:18.341109 - Found TMNIKT1.txt (text/plain) in SYSLBD.TSOEMAIL.PANELS, moved to TSOEMAIL/PANELS/TMNIKT1
2025-04-04 07:44:18.341221 - Found TMNIKT1A.txt (text/plain) in SYSLBD.TSOEMAIL.PANELS, moved to TSOEMAIL/PANELS/TMNIKT1A
2025-04-04 07:44:18.341348 - Found TMNIKT1B.txt (text/plain) in SYSLBD.TSOEMAIL.PANELS, moved to TSOEMAIL/PANELS/TMNIKT1B
2025-04-04 07:44:18.341461 - Found TMNIKT2.txt (text/plain) in SYSLBD.TSOEMAIL.PANELS, moved to TSOEMAIL/PANELS/TMNIKT2
2025-04-04 07:44:18.344694 - Found PROCLIB.txt (text/plain) in SYSLBD.TSOEMAIL.PDS, moved to TSOEMAIL/PROCLIB
2025-04-04 07:44:18.344822 - Found RECEIVE.rexx (text/plain) in SYSLBD.TSOEMAIL.PDS, moved to TSOEMAIL/RECEIVE
2025-04-04 07:44:18.344954 - Found SAFECDS.txt (text/plain) in SYSLBD.TSOEMAIL.PDS, moved to TSOEMAIL/SAFECDS
2025-04-04 07:44:18.345472 - Found TSOPROF.rexx (text/plain) in SBGOLOB.CBT509.FILE313, moved to PDS/TSOPROF
2025-04-04 07:44:18.345593 - Found TSOTRAP.rexx (text/plain) in SBGOLOB.CBT509.FILE313, moved to PDS/TSOTRAP
2025-04-04 07:44:18.345707 - Found TSO8CHAR.rexx (text/plain) in SBGOLOB.CBT509.FILE313, moved to PDS/TSO8CHAR
2025-04-04 07:44:18.345823 - Found TUTORPRT.rexx (text/plain) in SBGOLOB.CBT509.FILE313, moved to PDS/TUTORPRT
2025-04-04 07:44:18.345959 - Found TXT2CSV.xmi (application/xmit) in SBGOLOB.CBT509.FILE313, moved to PDS/TXT2CSV.xmi
2025-04-04 07:44:18.399511 - Received T311LBD.TXT2CSV.PDS from TXT2CSV.xmi 
2025-04-04 07:44:18.400065 - Found $DOC.txt (text/plain) in T311LBD.TXT2CSV.PDS, moved to TXT2CSV/$DOC
2025-04-04 07:44:18.400207 - Found $RECV.rexx (text/plain) in T311LBD.TXT2CSV.PDS, moved to TXT2CSV/$RECV
2025-04-04 07:44:18.400341 - Found EXEC.xmi (application/xmit) in T311LBD.TXT2CSV.PDS, moved to TXT2CSV/EXEC.xmi
2025-04-04 07:44:18.421283 - Received T311LBD.TXT2CSV.EXEC from EXEC.xmi 
2025-04-04 07:44:18.421731 - Found TXT2CSV.rexx (text/plain) in T311LBD.TXT2CSV.EXEC, moved to TXT2CSV/EXEC/TXT2CSV
2025-04-04 07:44:18.422084 - Found LICENSE.txt (text/plain) in T311LBD.TXT2CSV.PDS, moved to TXT2CSV/LICENSE
2025-04-04 07:44:18.422229 - Found PANELS.xmi (application/xmit) in T311LBD.TXT2CSV.PDS, moved to TXT2CSV/PANELS.xmi
2025-04-04 07:44:18.445150 - Received T311LBD.TXT2CSV.PANELS from PANELS.xmi 
2025-04-04 07:44:18.445566 - Found TXT2CSV.txt (text/plain) in T311LBD.TXT2CSV.PANELS, moved to TXT2CSV/PANELS/TXT2CSV
2025-04-04 07:44:18.445700 - Found TXT2CSVH.txt (text/plain) in T311LBD.TXT2CSV.PANELS, moved to TXT2CSV/PANELS/TXT2CSVH
2025-04-04 07:44:18.446039 - Found SUPPORT.txt (text/plain) in T311LBD.TXT2CSV.PDS, moved to TXT2CSV/SUPPORT
2025-04-04 07:44:18.446417 - Found TXT2RTF.xmi (application/xmit) in SBGOLOB.CBT509.FILE313, moved to PDS/TXT2RTF.xmi
2025-04-04 07:44:18.482243 - Received T311LBD.LIONEL.EXEC from TXT2RTF.xmi 
2025-04-04 07:44:18.482679 - Found TXT2RTF.rexx (text/plain) in T311LBD.LIONEL.EXEC, moved to TXT2RTF/TXT2RTF
